0 info it worked if it ends with ok
1 verbose cli [ '/usr/local/bin/node', '/usr/local/bin/npm', 'start' ]
2 info using npm@3.10.8
3 info using node@v6.8.0
4 verbose run-script [ 'prestart', 'start', 'poststart' ]
5 info lifecycle primeng-quickstart@1.0.0-SNAPSHOT~prestart: primeng-quickstart@1.0.0-SNAPSHOT
6 silly lifecycle primeng-quickstart@1.0.0-SNAPSHOT~prestart: no script for prestart, continuing
7 info lifecycle primeng-quickstart@1.0.0-SNAPSHOT~start: primeng-quickstart@1.0.0-SNAPSHOT
8 verbose lifecycle primeng-quickstart@1.0.0-SNAPSHOT~start: unsafe-perm in lifecycle true
9 verbose lifecycle primeng-quickstart@1.0.0-SNAPSHOT~start: PATH: /usr/local/lib/node_modules/npm/bin/node-gyp-bin:/home/expertly/work/node_modules/.bin:/home/expertly/bin:/home/expertly/.local/bin:/usr/local/sbin:/usr/local/bin:/usr/sbin:/usr/bin:/sbin:/bin:/usr/games:/usr/local/games:/snap/bin
10 verbose lifecycle primeng-quickstart@1.0.0-SNAPSHOT~start: CWD: /home/expertly/work
11 silly lifecycle primeng-quickstart@1.0.0-SNAPSHOT~start: Args: [ '-c', 'concurrently "npm run tsc:w" "npm run lite" ' ]
12 silly lifecycle primeng-quickstart@1.0.0-SNAPSHOT~start: Returned: code: 1  signal: null
13 info lifecycle primeng-quickstart@1.0.0-SNAPSHOT~start: Failed to exec start script
14 verbose stack Error: primeng-quickstart@1.0.0-SNAPSHOT start: `concurrently "npm run tsc:w" "npm run lite" `
14 verbose stack Exit status 1
14 verbose stack     at EventEmitter.<anonymous> (/usr/local/lib/node_modules/npm/lib/utils/lifecycle.js:255:16)
14 verbose stack     at emitTwo (events.js:106:13)
14 verbose stack     at EventEmitter.emit (events.js:191:7)
14 verbose stack     at ChildProcess.<anonymous> (/usr/local/lib/node_modules/npm/lib/utils/spawn.js:40:14)
14 verbose stack     at emitTwo (events.js:106:13)
14 verbose stack     at ChildProcess.emit (events.js:191:7)
14 verbose stack     at maybeClose (internal/child_process.js:877:16)
14 verbose stack     at Process.ChildProcess._handle.onexit (internal/child_process.js:226:5)
15 verbose pkgid primeng-quickstart@1.0.0-SNAPSHOT
16 verbose cwd /home/expertly/work
17 error Linux 4.4.0-59-generic
18 error argv "/usr/local/bin/node" "/usr/local/bin/npm" "start"
19 error node v6.8.0
20 error npm  v3.10.8
21 error code ELIFECYCLE
22 error primeng-quickstart@1.0.0-SNAPSHOT start: `concurrently "npm run tsc:w" "npm run lite" `
22 error Exit status 1
23 error Failed at the primeng-quickstart@1.0.0-SNAPSHOT start script 'concurrently "npm run tsc:w" "npm run lite" '.
23 error Make sure you have the latest version of node.js and npm installed.
23 error If you do, this is most likely a problem with the primeng-quickstart package,
23 error not with npm itself.
23 error Tell the author that this fails on your system:
23 error     concurrently "npm run tsc:w" "npm run lite"
23 error You can get information on how to open an issue for this project with:
23 error     npm bugs primeng-quickstart
23 error Or if that isn't available, you can get their info via:
23 error     npm owner ls primeng-quickstart
23 error There is likely additional logging output above.
24 verbose exit [ 1, true ]
